<?xml version="1.0" encoding="UTF-8"?>
<!-- Generated by org.testng.reporters.JUnitXMLReporter -->
<testsuite ignored="0" hostname="LAPTOP-C04IKM3K" failures="0" tests="7" name="ChromeTest" time="34.333" errors="0" timestamp="2022-05-04T14:44:25 CDT">
  <testcase classname="com.DsAlgo.testCases.GetStartedTestCase" name="navigateToGetStarted" time="0.614"/>
  <testcase classname="com.DsAlgo.testCases.RegistrationTestCase" name="enterUserDetails" time="1.549"/>
  <testcase classname="com.DsAlgo.testCases.RegistrationTestCase" name="enterUserDetailsNegative" time="0.542"/>
  <testcase classname="com.DsAlgo.testCases.LoginTestCase" name="LoginTest" time="1.581"/>
  <testcase classname="com.DsAlgo.testCases.LoginTestCase" name="LoginTest" time="10.956"/>
  <testcase classname="com.DsAlgo.testCases.ModuleSelectionTestCase" name="selectModuleArray" time="5.759"/>
  <testcase classname="com.DsAlgo.testCases.ModuleSelectionTestCase" name="selectModuleGraph" time="2.232"/>
</testsuite> <!-- ChromeTest -->
