<?xml version="1.0" encoding="UTF-8"?>
<testng-results ignored="0" total="7" passed="7" failed="0" skipped="0">
  <reporter-output>
  </reporter-output>
  <suite started-at="2022-05-04T14:43:51 CDT" name="DsAlgoProject" finished-at="2022-05-04T14:44:25 CDT" duration-ms="34333">
    <groups>
    </groups>
    <test started-at="2022-05-04T14:43:51 CDT" name="ChromeTest" finished-at="2022-05-04T14:44:25 CDT" duration-ms="34333">
      <class name="com.DsAlgo.testCases.GetStartedTestCase">
        <test-method is-config="true" signature="SetUp(java.lang.String)[pri:0, instance:com.DsAlgo.testCases.GetStartedTestCase@72bc6553]" started-at="2022-05-04T14:43:51 CDT" name="SetUp" finished-at="2022-05-04T14:43:54 CDT" duration-ms="3080" status="PASS">
          <params>
            <param index="0">
              <value>
                <![CDATA[chrome]]>
              </value>
            </param>
          </params>
          <reporter-output>
          </reporter-output>
        </test-method> <!-- SetUp -->
        <test-method signature="navigateToGetStarted()[pri:0, instance:com.DsAlgo.testCases.GetStartedTestCase@72bc6553]" started-at="2022-05-04T14:43:54 CDT" name="navigateToGetStarted" finished-at="2022-05-04T14:43:55 CDT" duration-ms="614" status="PASS">
          <reporter-output>
          </reporter-output>
        </test-method> <!-- navigateToGetStarted -->
        <test-method is-config="true" signature="tearDown()[pri:0, instance:com.DsAlgo.testCases.GetStartedTestCase@72bc6553]" started-at="2022-05-04T14:43:55 CDT" name="tearDown" finished-at="2022-05-04T14:43:55 CDT" duration-ms="295" status="PASS">
          <reporter-output>
          </reporter-output>
        </test-method> <!-- tearDown -->
      </class> <!-- com.DsAlgo.testCases.GetStartedTestCase -->
      <class name="com.DsAlgo.testCases.RegistrationTestCase">
        <test-method is-config="true" signature="SetUp(java.lang.String)[pri:0, instance:com.DsAlgo.testCases.RegistrationTestCase@6b695b06]" started-at="2022-05-04T14:43:55 CDT" name="SetUp" finished-at="2022-05-04T14:43:57 CDT" duration-ms="1896" status="PASS">
          <params>
            <param index="0">
              <value>
                <![CDATA[chrome]]>
              </value>
            </param>
          </params>
          <reporter-output>
          </reporter-output>
        </test-method> <!-- SetUp -->
        <test-method signature="enterUserDetails()[pri:0, instance:com.DsAlgo.testCases.RegistrationTestCase@6b695b06]" started-at="2022-05-04T14:43:57 CDT" name="enterUserDetails" finished-at="2022-05-04T14:43:59 CDT" duration-ms="1549" status="PASS">
          <reporter-output>
          </reporter-output>
        </test-method> <!-- enterUserDetails -->
        <test-method signature="enterUserDetailsNegative()[pri:1, instance:com.DsAlgo.testCases.RegistrationTestCase@6b695b06]" started-at="2022-05-04T14:43:59 CDT" name="enterUserDetailsNegative" finished-at="2022-05-04T14:43:59 CDT" duration-ms="542" status="PASS">
          <reporter-output>
          </reporter-output>
        </test-method> <!-- enterUserDetailsNegative -->
        <test-method is-config="true" signature="tearDown()[pri:0, instance:com.DsAlgo.testCases.RegistrationTestCase@6b695b06]" started-at="2022-05-04T14:43:59 CDT" name="tearDown" finished-at="2022-05-04T14:43:59 CDT" duration-ms="323" status="PASS">
          <reporter-output>
          </reporter-output>
        </test-method> <!-- tearDown -->
      </class> <!-- com.DsAlgo.testCases.RegistrationTestCase -->
      <class name="com.DsAlgo.testCases.LoginTestCase">
        <test-method is-config="true" signature="SetUp(java.lang.String)[pri:0, instance:com.DsAlgo.testCases.LoginTestCase@4d1bf319]" started-at="2022-05-04T14:43:59 CDT" name="SetUp" finished-at="2022-05-04T14:44:01 CDT" duration-ms="1862" status="PASS">
          <params>
            <param index="0">
              <value>
                <![CDATA[chrome]]>
              </value>
            </param>
          </params>
          <reporter-output>
          </reporter-output>
        </test-method> <!-- SetUp -->
        <test-method signature="LoginTest(java.lang.String,java.lang.String)[pri:0, instance:com.DsAlgo.testCases.LoginTestCase@4d1bf319]" started-at="2022-05-04T14:44:02 CDT" name="LoginTest" data-provider="LoginData" finished-at="2022-05-04T14:44:04 CDT" duration-ms="1581" status="PASS">
          <params>
            <param index="0">
              <value>
                <![CDATA[User16]]>
              </value>
            </param>
            <param index="1">
              <value>
                <![CDATA[java123@]]>
              </value>
            </param>
          </params>
          <reporter-output>
          </reporter-output>
        </test-method> <!-- LoginTest -->
        <test-method signature="LoginTest(java.lang.String,java.lang.String)[pri:0, instance:com.DsAlgo.testCases.LoginTestCase@4d1bf319]" started-at="2022-05-04T14:44:04 CDT" name="LoginTest" data-provider="LoginData" finished-at="2022-05-04T14:44:15 CDT" duration-ms="10956" status="PASS">
          <params>
            <param index="0">
              <value>
                <![CDATA[User16]]>
              </value>
            </param>
            <param index="1">
              <value>
                <![CDATA[12458922]]>
              </value>
            </param>
          </params>
          <reporter-output>
          </reporter-output>
        </test-method> <!-- LoginTest -->
        <test-method is-config="true" signature="tearDown()[pri:0, instance:com.DsAlgo.testCases.LoginTestCase@4d1bf319]" started-at="2022-05-04T14:44:15 CDT" name="tearDown" finished-at="2022-05-04T14:44:15 CDT" duration-ms="307" status="PASS">
          <reporter-output>
          </reporter-output>
        </test-method> <!-- tearDown -->
      </class> <!-- com.DsAlgo.testCases.LoginTestCase -->
      <class name="com.DsAlgo.testCases.ModuleSelectionTestCase">
        <test-method is-config="true" signature="SetUp(java.lang.String)[pri:0, instance:com.DsAlgo.testCases.ModuleSelectionTestCase@6f53b8a]" started-at="2022-05-04T14:44:15 CDT" name="SetUp" finished-at="2022-05-04T14:44:17 CDT" duration-ms="1828" status="PASS">
          <params>
            <param index="0">
              <value>
                <![CDATA[chrome]]>
              </value>
            </param>
          </params>
          <reporter-output>
          </reporter-output>
        </test-method> <!-- SetUp -->
        <test-method signature="selectModuleArray()[pri:0, instance:com.DsAlgo.testCases.ModuleSelectionTestCase@6f53b8a]" started-at="2022-05-04T14:44:17 CDT" name="selectModuleArray" finished-at="2022-05-04T14:44:22 CDT" duration-ms="5759" status="PASS">
          <reporter-output>
          </reporter-output>
        </test-method> <!-- selectModuleArray -->
        <test-method signature="selectModuleGraph()[pri:1, instance:com.DsAlgo.testCases.ModuleSelectionTestCase@6f53b8a]" started-at="2022-05-04T14:44:23 CDT" name="selectModuleGraph" finished-at="2022-05-04T14:44:25 CDT" duration-ms="2232" status="PASS">
          <reporter-output>
          </reporter-output>
        </test-method> <!-- selectModuleGraph -->
        <test-method is-config="true" signature="tearDown()[pri:0, instance:com.DsAlgo.testCases.ModuleSelectionTestCase@6f53b8a]" started-at="2022-05-04T14:44:25 CDT" name="tearDown" finished-at="2022-05-04T14:44:25 CDT" duration-ms="297" status="PASS">
          <reporter-output>
          </reporter-output>
        </test-method> <!-- tearDown -->
      </class> <!-- com.DsAlgo.testCases.ModuleSelectionTestCase -->
    </test> <!-- ChromeTest -->
  </suite> <!-- DsAlgoProject -->
</testng-results>
